{"/Users/alexhe/Documents/node_learning/jirengu/test/node-todo/db.js": {"path":"/Users/alexhe/Documents/node_learning/jirengu/test/node-todo/db.js","statementMap":{"0":{"start":{"line":1,"column":11},"end":{"line":1,"column":24}},"1":{"start":{"line":2,"column":13},"end":{"line":2,"column":28}},"2":{"start":{"line":6,"column":16},"end":{"line":6,"column":39}},"3":{"start":{"line":9,"column":13},"end":{"line":9,"column":40}},"4":{"start":{"line":11,"column":15},"end":{"line":11,"column":45}},"5":{"start":{"line":13,"column":11},"end":{"line":40,"column":1}},"6":{"start":{"line":15,"column":8},"end":{"line":29,"column":10}},"7":{"start":{"line":17,"column":12},"end":{"line":28,"column":14}},"8":{"start":{"line":20,"column":16},"end":{"line":20,"column":55}},"9":{"start":{"line":20,"column":25},"end":{"line":20,"column":55}},"10":{"start":{"line":22,"column":16},"end":{"line":26,"column":17}},"11":{"start":{"line":23,"column":20},"end":{"line":23,"column":54}},"12":{"start":{"line":25,"column":20},"end":{"line":25,"column":29}},"13":{"start":{"line":27,"column":16},"end":{"line":27,"column":29}},"14":{"start":{"line":32,"column":8},"end":{"line":38,"column":10}},"15":{"start":{"line":33,"column":25},"end":{"line":33,"column":52}},"16":{"start":{"line":34,"column":12},"end":{"line":37,"column":14}},"17":{"start":{"line":35,"column":16},"end":{"line":35,"column":55}},"18":{"start":{"line":35,"column":25},"end":{"line":35,"column":55}},"19":{"start":{"line":36,"column":16},"end":{"line":36,"column":25}},"20":{"start":{"line":42,"column":0},"end":{"line":42,"column":20}}},"fnMap":{"0":{"name":"(anonymous_0)","decl":{"start":{"line":14,"column":10},"end":{"line":14,"column":11}},"loc":{"start":{"line":14,"column":29},"end":{"line":30,"column":5}},"line":14},"1":{"name":"(anonymous_1)","decl":{"start":{"line":15,"column":27},"end":{"line":15,"column":28}},"loc":{"start":{"line":15,"column":48},"end":{"line":29,"column":9}},"line":15},"2":{"name":"(anonymous_2)","decl":{"start":{"line":19,"column":15},"end":{"line":19,"column":16}},"loc":{"start":{"line":19,"column":30},"end":{"line":28,"column":13}},"line":19},"3":{"name":"(anonymous_3)","decl":{"start":{"line":31,"column":11},"end":{"line":31,"column":12}},"loc":{"start":{"line":31,"column":36},"end":{"line":39,"column":5}},"line":31},"4":{"name":"(anonymous_4)","decl":{"start":{"line":32,"column":27},"end":{"line":32,"column":28}},"loc":{"start":{"line":32,"column":48},"end":{"line":38,"column":9}},"line":32},"5":{"name":"(anonymous_5)","decl":{"start":{"line":34,"column":45},"end":{"line":34,"column":46}},"loc":{"start":{"line":34,"column":54},"end":{"line":37,"column":13}},"line":34}},"branchMap":{"0":{"loc":{"start":{"line":9,"column":13},"end":{"line":9,"column":40}},"type":"binary-expr","locations":[{"start":{"line":9,"column":13},"end":{"line":9,"column":29}},{"start":{"line":9,"column":33},"end":{"line":9,"column":40}}],"line":9},"1":{"loc":{"start":{"line":14,"column":11},"end":{"line":14,"column":24}},"type":"default-arg","locations":[{"start":{"line":14,"column":18},"end":{"line":14,"column":24}}],"line":14},"2":{"loc":{"start":{"line":20,"column":16},"end":{"line":20,"column":55}},"type":"if","locations":[{"start":{"line":20,"column":16},"end":{"line":20,"column":55}},{"start":{},"end":{}}],"line":20},"3":{"loc":{"start":{"line":31,"column":18},"end":{"line":31,"column":31}},"type":"default-arg","locations":[{"start":{"line":31,"column":25},"end":{"line":31,"column":31}}],"line":31},"4":{"loc":{"start":{"line":35,"column":16},"end":{"line":35,"column":55}},"type":"if","locations":[{"start":{"line":35,"column":16},"end":{"line":35,"column":55}},{"start":{},"end":{}}],"line":35}},"s":{"0":1,"1":1,"2":1,"3":1,"4":1,"5":1,"6":1,"7":1,"8":1,"9":0,"10":1,"11":1,"12":0,"13":1,"14":1,"15":1,"16":1,"17":1,"18":0,"19":1,"20":1},"f":{"0":1,"1":1,"2":1,"3":1,"4":1,"5":1},"b":{"0":[1,0],"1":[0],"2":[0,1],"3":[0],"4":[0,1]},"_coverageSchema":"1a1c01bbd47fc00a2c39e90264f33305004495a9","hash":"c6906e93027bf9594d6db6e5788816a889b5daf0"}
}
