TN:
SF:db.js
FN:14,(anonymous_0)
FN:15,(anonymous_1)
FN:19,(anonymous_2)
FN:31,(anonymous_3)
FN:32,(anonymous_4)
FN:34,(anonymous_5)
FNF:6
FNH:6
FNDA:1,(anonymous_0)
FNDA:1,(anonymous_1)
FNDA:1,(anonymous_2)
FNDA:1,(anonymous_3)
FNDA:1,(anonymous_4)
FNDA:1,(anonymous_5)
DA:1,1
DA:2,1
DA:6,1
DA:9,1
DA:11,1
DA:13,1
DA:15,1
DA:17,1
DA:20,1
DA:22,1
DA:23,1
DA:25,0
DA:27,1
DA:32,1
DA:33,1
DA:34,1
DA:35,1
DA:36,1
DA:42,1
LF:19
LH:18
BRDA:9,0,0,1
BRDA:9,0,1,0
BRDA:14,1,0,0
BRDA:20,2,0,0
BRDA:20,2,1,1
BRDA:31,3,0,0
BRDA:35,4,0,0
BRDA:35,4,1,1
BRF:8
BRH:3
end_of_record
